\BOOKMARK [0][]{chapter.1}{\376\377\0001\000\040\000E\000v\000e\000n\000t\000s\000\040\000a\000n\000d\000\040\000P\000r\000o\000b\000a\000b\000i\000l\000i\000t\000y}{}% 1
\BOOKMARK [1][]{section.1.1}{\376\377\0001\000.\0001\000\040\000K\000o\000l\000m\000o\000g\000o\000r\000o\000v\000'\000s\000\040\000a\000x\000i\000o\000m\000s\000\040\000a\000n\000d\000\040\000p\000r\000o\000b\000a\000b\000i\000l\000i\000t\000y\000\040\000s\000p\000a\000c\000e}{chapter.1}% 2
\BOOKMARK [1][]{section.1.2}{\376\377\0001\000.\0002\000\040\000I\000n\000c\000l\000u\000s\000i\000o\000n\000\040\000E\000x\000c\000l\000u\000s\000i\000o\000n\000\040\000P\000r\000i\000n\000c\000i\000p\000l\000e}{chapter.1}% 3
\BOOKMARK [1][]{section.1.3}{\376\377\0001\000.\0003\000\040\000M\000o\000n\000o\000t\000o\000n\000i\000c\000i\000t\000y\000\040\000a\000n\000d\000\040\000C\000o\000u\000n\000t\000a\000b\000l\000e\000\040\000S\000u\000b\000a\000d\000d\000i\000t\000i\000v\000i\000t\000y}{chapter.1}% 4
\BOOKMARK [1][]{section.1.4}{\376\377\0001\000.\0004\000\040\000C\000o\000n\000t\000i\000n\000u\000i\000t\000y\000\040\000o\000f\000\040\000P\000r\000o\000b\000a\000b\000i\000l\000i\000t\000y}{chapter.1}% 5
\BOOKMARK [1][]{section.1.5}{\376\377\0001\000.\0005\000\040\000C\000o\000n\000d\000i\000t\000i\000o\000n\000a\000l\000\040\000P\000r\000o\000b\000a\000b\000i\000l\000i\000t\000y}{chapter.1}% 6
\BOOKMARK [1][]{section.1.6}{\376\377\0001\000.\0006\000\040\000B\000a\000y\000e\000s\000'\000\040\000F\000o\000r\000m\000u\000l\000a}{chapter.1}% 7
\BOOKMARK [1][]{section.1.7}{\376\377\0001\000.\0007\000\040\000I\000n\000d\000e\000p\000e\000n\000d\000e\000n\000t\000\040\000E\000v\000e\000n\000t\000s}{chapter.1}% 8
\BOOKMARK [0][]{chapter.2}{\376\377\0002\000\040\000R\000a\000n\000d\000o\000m\000\040\000V\000a\000r\000i\000a\000b\000l\000e\000s\000\040\000a\000n\000d\000\040\000P\000r\000o\000b\000a\000b\000i\000l\000i\000t\000y\000\040\000D\000i\000s\000t\000r\000i\000b\000u\000t\000i\000o\000n\000s}{}% 9
\BOOKMARK [1][]{section.2.1}{\376\377\0002\000.\0001\000\040\000R\000a\000n\000d\000o\000m\000\040\000V\000a\000r\000i\000a\000b\000l\000e\000s}{chapter.2}% 10
\BOOKMARK [1][]{section.2.2}{\376\377\0002\000.\0002\000\040\000P\000r\000o\000b\000a\000b\000i\000l\000i\000t\000y\000\040\000D\000i\000s\000t\000r\000i\000b\000u\000t\000i\000o\000n\000s}{chapter.2}% 11
\BOOKMARK [1][]{section.2.3}{\376\377\0002\000.\0003\000\040\000D\000i\000s\000c\000r\000e\000t\000e\000\040\000R\000a\000n\000d\000o\000m\000\040\000V\000a\000r\000i\000a\000b\000l\000e\000s}{chapter.2}% 12
\BOOKMARK [1][]{section.2.4}{\376\377\0002\000.\0004\000\040\000P\000r\000o\000b\000a\000b\000i\000l\000i\000t\000y\000\040\000M\000a\000s\000s\000\040\000F\000u\000n\000c\000t\000i\000o\000n\000s}{chapter.2}% 13
\BOOKMARK [1][]{section.2.5}{\376\377\0002\000.\0005\000\040\000B\000e\000r\000n\000o\000u\000l\000l\000i\000\040\000D\000i\000s\000t\000r\000i\000b\000u\000t\000i\000o\000n}{chapter.2}% 14
\BOOKMARK [1][]{section.2.6}{\376\377\0002\000.\0006\000\040\000C\000u\000m\000u\000l\000a\000t\000i\000v\000e\000\040\000d\000i\000s\000t\000r\000i\000b\000u\000t\000i\000o\000n\000\040\000f\000u\000n\000c\000t\000i\000o\000n\000s}{chapter.2}% 15
\BOOKMARK [1][]{section.2.7}{\376\377\0002\000.\0007\000\040\000P\000r\000o\000b\000a\000b\000i\000l\000i\000t\000y\000\040\000D\000e\000n\000s\000i\000t\000y\000\040\000F\000u\000n\000c\000t\000i\000o\000n}{chapter.2}% 16
\BOOKMARK [1][]{section.2.8}{\376\377\0002\000.\0008\000\040\000U\000n\000i\000f\000o\000r\000m\000\040\000D\000i\000s\000t\000r\000i\000b\000u\000t\000i\000o\000n}{chapter.2}% 17
\BOOKMARK [1][]{section.2.9}{\376\377\0002\000.\0009\000\040\000N\000o\000t\000i\000o\000n\000\040\000o\000f\000\040\000e\000q\000u\000a\000l\000i\000t\000y}{chapter.2}% 18
\BOOKMARK [0][]{chapter.3}{\376\377\0003\000\040\000I\000n\000d\000e\000p\000e\000n\000d\000e\000n\000t\000\040\000a\000n\000d\000\040\000d\000e\000p\000e\000n\000d\000e\000n\000t\000\040\000r\000a\000n\000d\000o\000m\000\040\000v\000a\000r\000i\000a\000b\000l\000e\000s}{}% 19
\BOOKMARK [1][]{section.3.1}{\376\377\0003\000.\0001\000\040\000I\000n\000d\000e\000p\000e\000n\000d\000e\000n\000c\000e}{chapter.3}% 20
\BOOKMARK [1][]{section.3.2}{\376\377\0003\000.\0002\000\040\000I\000n\000d\000e\000p\000e\000n\000d\000e\000n\000t\000\040\000a\000n\000d\000\040\000i\000d\000e\000n\000t\000i\000c\000a\000l\000l\000y\000\040\000d\000i\000s\000t\000r\000i\000b\000u\000t\000e\000d\000\040\000r\000a\000n\000d\000o\000m\000\040\000v\000a\000r\000i\000a\000b\000l\000e\000s}{chapter.3}% 21
\BOOKMARK [1][]{section.3.3}{\376\377\0003\000.\0003\000\040\000I\000n\000d\000e\000p\000e\000n\000d\000e\000n\000c\000e\000\040\000o\000f\000\040\000j\000o\000i\000n\000t\000l\000y\000\040\000a\000b\000s\000o\000l\000u\000t\000e\000l\000y\000\040\000c\000o\000n\000t\000i\000n\000u\000o\000u\000s\000\040\000r\000a\000n\000d\000o\000m\000\040\000v\000a\000r\000i\000a\000b\000l\000e\000s\000.}{chapter.3}% 22
\BOOKMARK [1][]{section.3.4}{\376\377\0003\000.\0004\000\040\000F\000i\000n\000d\000i\000n\000g\000\040\000I\000n\000d\000e\000p\000e\000n\000d\000e\000n\000c\000e}{chapter.3}% 23
\BOOKMARK [1][]{section.3.5}{\376\377\0003\000.\0005\000\040\000B\000i\000n\000o\000m\000i\000a\000l\000\040\000D\000i\000s\000t\000r\000i\000b\000u\000t\000i\000o\000n}{chapter.3}% 24
\BOOKMARK [1][]{section.3.6}{\376\377\0003\000.\0006\000\040\000G\000e\000o\000m\000e\000t\000r\000i\000c\000\040\000D\000i\000s\000t\000r\000i\000b\000u\000t\000i\000o\000n}{chapter.3}% 25
\BOOKMARK [1][]{section.3.7}{\376\377\0003\000.\0007\000\040\000N\000e\000g\000a\000t\000i\000v\000e\000\040\000B\000i\000n\000o\000m\000i\000a\000l\000\040\000D\000i\000s\000t\000r\000i\000b\000u\000t\000i\000o\000n}{chapter.3}% 26
\BOOKMARK [1][]{section.3.8}{\376\377\0003\000.\0008\000\040\000P\000o\000s\000s\000i\000o\000n\000\040\000D\000i\000s\000t\000r\000i\000b\000u\000t\000i\000o\000n}{chapter.3}% 27
\BOOKMARK [1][]{section.3.9}{\376\377\0003\000.\0009\000\040\000E\000x\000p\000o\000n\000e\000n\000t\000i\000a\000l\000\040\000D\000i\000s\000t\000r\000i\000b\000u\000t\000i\000o\000n\000s}{chapter.3}% 28
\BOOKMARK [1][]{section.3.10}{\376\377\0003\000.\0001\0000\000\040\000M\000u\000l\000t\000i\000n\000o\000m\000i\000a\000l\000\040\000d\000i\000s\000t\000r\000i\000b\000u\000t\000i\000o\000n}{chapter.3}% 29
\BOOKMARK [1][]{section.3.11}{\376\377\0003\000.\0001\0001\000\040\000G\000a\000m\000m\000a\000\040\000D\000i\000s\000t\000r\000i\000b\000u\000t\000i\000o\000n}{chapter.3}% 30
\BOOKMARK [1][]{section.3.12}{\376\377\0003\000.\0001\0002\000\040\000C\000o\000n\000v\000o\000l\000u\000t\000i\000o\000n}{chapter.3}% 31
\BOOKMARK [1][]{section.3.13}{\376\377\0003\000.\0001\0003\000\040\000E\000x\000c\000h\000a\000n\000g\000e\000b\000a\000l\000e\000\040\000R\000a\000n\000d\000o\000m\000\040\000V\000a\000r\000i\000a\000b\000l\000e\000s}{chapter.3}% 32
\BOOKMARK [0][]{chapter.4}{\376\377\0004\000\040\000S\000i\000m\000p\000l\000e\000\040\000R\000a\000n\000d\000o\000m\000\040\000W\000a\000l\000k}{}% 33
\BOOKMARK [1][]{section.4.1}{\376\377\0004\000.\0001\000\040\000G\000a\000n\000b\000l\000e\000r\000'\000s\000\040\000R\000u\000i\000n}{chapter.4}% 34
\BOOKMARK [1][]{section.4.2}{\376\377\0004\000.\0002\000\040\000S\000y\000m\000m\000e\000t\000r\000i\000c\000\040\000s\000i\000m\000p\000l\000e\000\040\000r\000a\000n\000d\000o\000m\000\040\000w\000a\000l\000k}{chapter.4}% 35
\BOOKMARK [1][]{section.4.3}{\376\377\0004\000.\0003\000\040\000D\000i\000s\000t\000r\000i\000b\000u\000t\000i\000o\000n\000\040\000o\000f\000\040\000t\000h\000e\000\040\000r\000u\000n\000n\000i\000n\000g\000\040\000m\000a\000x\000i\000m\000u\000m}{chapter.4}% 36
\BOOKMARK [0][]{chapter.5}{\376\377\0005\000\040\000E\000x\000p\000e\000c\000t\000a\000t\000i\000o\000n}{}% 37
\BOOKMARK [1][]{section.5.1}{\376\377\0005\000.\0001\000\040\000D\000e\000f\000i\000n\000i\000t\000i\000o\000n\000\040\000o\000f\000\040\000e\000x\000p\000e\000c\000t\000a\000t\000i\000o\000n}{chapter.5}% 38
\BOOKMARK [1][]{section.5.2}{\376\377\0005\000.\0002\000\040\000T\000h\000e\000o\000r\000e\000m\000s\000\040\000a\000n\000d\000\040\000p\000r\000o\000p\000o\000s\000i\000t\000i\000o\000n\000s\000\040\000f\000o\000r\000\040\000e\000x\000p\000e\000c\000t\000a\000t\000i\000o\000n}{chapter.5}% 39
\BOOKMARK [1][]{section.5.3}{\376\377\0005\000.\0003\000\040\000V\000a\000r\000i\000a\000n\000c\000e}{chapter.5}% 40
\BOOKMARK [1][]{section.5.4}{\376\377\0005\000.\0004\000\040\000L\000i\000n\000e\000a\000r\000i\000t\000y\000\040\000o\000f\000\040\000e\000x\000p\000e\000c\000t\000a\000t\000i\000o\000n}{chapter.5}% 41
\BOOKMARK [1][]{section.5.5}{\376\377\0005\000.\0005\000\040\000E\000x\000p\000e\000c\000t\000a\000t\000i\000o\000n\000\040\000a\000n\000d\000\040\000i\000n\000d\000e\000p\000e\000n\000d\000e\000n\000c\000e}{chapter.5}% 42
\BOOKMARK [1][]{section.5.6}{\376\377\0005\000.\0006\000\040\000C\000o\000v\000a\000r\000i\000a\000n\000c\000e\000\040\000a\000n\000d\000\040\000c\000o\000r\000r\000e\000l\000a\000t\000i\000o\000n}{chapter.5}% 43
\BOOKMARK [0][]{chapter.6}{\376\377\0006\000\040\000L\000a\000w\000\040\000o\000f\000\040\000l\000a\000r\000g\000e\000\040\000n\000u\000m\000b\000e\000r\000s}{}% 44
\BOOKMARK [1][]{section.6.1}{\376\377\0006\000.\0001\000\040\000M\000a\000r\000k\000o\000v\000\040\000a\000n\000d\000\040\000C\000h\000e\000b\000y\000s\000h\000e\000v\000\040\000i\000n\000e\000q\000u\000a\000l\000i\000t\000i\000e\000s}{chapter.6}% 45
\BOOKMARK [1][]{section.6.2}{\376\377\0006\000.\0002\000\040\000C\000o\000n\000v\000e\000r\000g\000e\000n\000c\000e\000\040\000i\000n\000\040\000p\000r\000o\000b\000a\000b\000i\000l\000i\000t\000y\000\040\000a\000n\000d\000\040\000A\000l\000m\000o\000s\000t\000\040\000s\000u\000r\000e\000l\000y\000\040\000c\000o\000n\000v\000e\000r\000g\000e\000n\000c\000e}{chapter.6}% 46
\BOOKMARK [1][]{section.6.3}{\376\377\0006\000.\0003\000\040\000B\000o\000r\000e\000l\000-\000C\000a\000n\000t\000e\000l\000l\000i\000\040\000l\000e\000m\000m\000a}{chapter.6}% 47
\BOOKMARK [1][]{section.6.4}{\376\377\0006\000.\0004\000\040\000A\000l\000m\000o\000s\000t\000\040\000s\000u\000r\000e\000\040\000c\000o\000n\000v\000e\000r\000g\000e\000n\000c\000e\000\040\000f\000r\000o\000m\000\040\000t\000h\000e\000\040\000B\000o\000r\000e\000l\000-\000C\000a\000n\000t\000e\000l\000l\000i\000\040\000l\000e\000m\000m\000a}{chapter.6}% 48
\BOOKMARK [1][]{section.6.5}{\376\377\0006\000.\0005\000\040\000\040\000S\000t\000r\000o\000n\000g\000\040\000l\000a\000w\000\040\000o\000f\000\040\000l\000a\000r\000g\000e\000\040\000n\000u\000m\000b\000e\000r\000s}{chapter.6}% 49
\BOOKMARK [0][]{chapter.7}{\376\377\0007\000\040\000L\000i\000m\000i\000t\000s\000\040\000i\000n\000\040\000d\000i\000s\000t\000r\000i\000b\000u\000t\000i\000o\000n}{}% 50
\BOOKMARK [1][]{section.7.1}{\376\377\0007\000.\0001\000\040\000C\000o\000n\000v\000e\000r\000g\000e\000\040\000i\000n\000\040\000d\000i\000s\000t\000r\000i\000b\000u\000t\000i\000o\000n}{chapter.7}% 51
\BOOKMARK [1][]{section.7.2}{\376\377\0007\000.\0002\000\040\000G\000a\000u\000s\000s\000i\000a\000n\000\040\000D\000i\000s\000t\000r\000i\000b\000u\000t\000i\000o\000n}{chapter.7}% 52
\BOOKMARK [1][]{section.7.3}{\376\377\0007\000.\0003\000\040\000\040\000C\000e\000n\000t\000r\000a\000l\000\040\000l\000i\000m\000i\000t\000\040\000t\000h\000e\000o\000r\000e\000m}{chapter.7}% 53
\BOOKMARK [1][]{section.7.4}{\376\377\0007\000.\0004\000\040\000N\000o\000r\000m\000a\000l\000\040\000A\000p\000p\000r\000o\000x\000i\000m\000a\000t\000i\000o\000n\000\040\000o\000f\000\040\000t\000h\000e\000\040\000b\000i\000n\000o\000m\000i\000a\000l}{chapter.7}% 54
\BOOKMARK [1][]{section.7.5}{\376\377\0007\000.\0005\000\040\000C\000o\000n\000t\000i\000n\000u\000i\000t\000y\000\040\000c\000o\000r\000r\000e\000c\000t\000i\000o\000n}{chapter.7}% 55
\BOOKMARK [1][]{section.7.6}{\376\377\0007\000.\0006\000\040\000C\000o\000n\000f\000i\000d\000e\000n\000c\000e\000\040\000i\000n\000t\000e\000r\000v\000a\000l}{chapter.7}% 56
\BOOKMARK [1][]{section.7.7}{\376\377\0007\000.\0007\000\040\000P\000o\000s\000s\000i\000o\000n\000\040\000A\000p\000p\000r\000o\000x\000i\000m\000a\000t\000i\000o\000n}{chapter.7}% 57
\BOOKMARK [0][]{chapter.8}{\376\377\0008\000\040\000G\000e\000n\000e\000r\000a\000t\000i\000n\000g\000\040\000f\000u\000n\000c\000t\000i\000o\000n\000s}{}% 58
\BOOKMARK [1][]{section.8.1}{\376\377\0008\000.\0001\000\040\0003\000\040\000P\000r\000o\000b\000a\000b\000i\000l\000i\000t\000y\000\040\000G\000e\000n\000e\000r\000a\000t\000i\000n\000g\000\040\000f\000u\000n\000c\000t\000i\000o\000n\000s}{chapter.8}% 59
\BOOKMARK [1][]{section.8.2}{\376\377\0008\000.\0002\000\040\000I\000d\000e\000n\000t\000i\000f\000i\000c\000a\000t\000i\000o\000n\000\040\000o\000f\000\040\000d\000i\000s\000t\000r\000i\000b\000u\000t\000i\000o\000n\000s\000\040\000w\000i\000t\000h\000\040\000m\000o\000m\000e\000n\000t\000\040\000g\000e\000n\000e\000r\000a\000t\000i\000n\000g\000\040\000f\000u\000n\000c\000t\000i\000o\000n\000s}{chapter.8}% 60
\BOOKMARK [1][]{section.8.3}{\376\377\0008\000.\0003\000\040\000M\000o\000m\000e\000n\000t\000\040\000g\000e\000n\000e\000r\000a\000t\000i\000n\000g\000\040\000f\000u\000n\000c\000t\000i\000o\000n\000\040\000o\000f\000\040\000a\000\040\000s\000u\000m\000\040\000o\000f\000\040\000i\000n\000d\000e\000p\000e\000n\000d\000e\000n\000t\000\040\000r\000a\000n\000d\000o\000m\000\040\000v\000a\000r\000i\000a\000b\000l\000e\000s}{chapter.8}% 61
\BOOKMARK [0][]{chapter.9}{\376\377\0009\000\040\000C\000o\000n\000d\000i\000t\000i\000o\000n\000a\000l\000\040\000E\000x\000p\000e\000c\000t\000a\000t\000i\000o\000n}{}% 62
\BOOKMARK [1][]{section.9.1}{\376\377\0009\000.\0001\000\040\000C\000o\000n\000d\000i\000t\000i\000o\000n\000a\000l\000\040\000d\000i\000s\000t\000r\000i\000b\000u\000t\000i\000o\000n\000s}{chapter.9}% 63
\BOOKMARK [1][]{section.9.2}{\376\377\0009\000.\0002\000\040\000C\000o\000n\000d\000i\000t\000i\000o\000n\000i\000n\000g\000\040\000a\000n\000d\000\040\000i\000n\000d\000e\000p\000e\000n\000d\000e\000n\000c\000e}{chapter.9}% 64
\BOOKMARK [0][]{chapter.10}{\376\377\0001\0000\000\040\000R\000e\000f\000e\000r\000e\000n\000c\000e}{}% 65
